AH00112: Warning: DocumentRoot [/home/arcadiazoo/www/] does not exist
[Tue Nov 19 17:34:59.819280 2024] [mpm_event:notice] [pid 628831:tid 140232695433088] AH00489: Apache/2.4.59 (Unix) configured -- resuming normal operations
[Tue Nov 19 17:34:59.819342 2024] [mpm_event:info] [pid 628831:tid 140232695433088] AH00490: Server built: May 31 2024 08:01:46
[Tue Nov 19 17:34:59.819346 2024] [core:notice] [pid 628831:tid 140232695433088] AH00094: Command line: '/usr/alwaysdata/apache/2.4.59/bin/apache -f /home/arcadiazoo/admin/config/apache/apache.conf -D FOREGROUND'
[Tue Nov 19 17:35:00.059895 2024] [core:info] [pid 628833:tid 140232680531648] [client 2a01:cb04:392:5900:e41c:f8a9:5243:6214:0] AH00128: File does not exist: /home/arcadiazoo/www/
[Tue Nov 19 17:35:00.092430 2024] [core:info] [pid 628833:tid 140232663746240] [client 2a01:cb04:392:5900:e41c:f8a9:5243:6214:0] AH00128: File does not exist: /home/arcadiazoo/www/favicon.ico, referer: https://arcadiazoo.alwaysdata.net/
[Tue Nov 19 17:35:16.167016 2024] [mpm_event:notice] [pid 628831:tid 140232695433088] AH00493: SIGUSR1 received.  Doing graceful restart
[Tue Nov 19 17:35:16.218280 2024] [mpm_event:notice] [pid 628831:tid 140232695433088] AH00489: Apache/2.4.59 (Unix) configured -- resuming normal operations
[Tue Nov 19 17:35:16.218294 2024] [mpm_event:info] [pid 628831:tid 140232695433088] AH00490: Server built: May 31 2024 08:01:46
[Tue Nov 19 17:35:16.218298 2024] [core:notice] [pid 628831:tid 140232695433088] AH00094: Command line: '/usr/alwaysdata/apache/2.4.59/bin/apache -f /home/arcadiazoo/admin/config/apache/apache.conf -D FOREGROUND'
[Tue Nov 19 17:44:35.836784 2024] [autoindex:error] [pid 629608:tid 140232680531648] [client 2a01:cb04:392:5900:e41c:f8a9:5243:6214:0] AH01276: Cannot serve directory /home/arcadiazoo/www/: No matching DirectoryIndex (index.php,index.html) found, and server-generated directory index forbidden by Options directive
[Tue Nov 19 17:44:39.129619 2024] [autoindex:error] [pid 629608:tid 140232663746240] [client 2a01:cb04:392:5900:e41c:f8a9:5243:6214:0] AH01276: Cannot serve directory /home/arcadiazoo/www/: No matching DirectoryIndex (index.php,index.html) found, and server-generated directory index forbidden by Options directive
[Tue Nov 19 17:44:39.890966 2024] [autoindex:error] [pid 629608:tid 140232646960832] [client 2a01:cb04:392:5900:e41c:f8a9:5243:6214:0] AH01276: Cannot serve directory /home/arcadiazoo/www/: No matching DirectoryIndex (index.php,index.html) found, and server-generated directory index forbidden by Options directive
[Tue Nov 19 17:49:07.304134 2024] [autoindex:error] [pid 629608:tid 140232158607040] [client 2a01:cb04:392:5900:e41c:f8a9:5243:6214:0] AH01276: Cannot serve directory /home/arcadiazoo/www/: No matching DirectoryIndex (index.php,index.html) found, and server-generated directory index forbidden by Options directive
[Tue Nov 19 17:49:53.770111 2024] [mpm_event:notice] [pid 628831:tid 140232695433088] AH00491: caught SIGTERM, shutting down
[Tue Nov 19 17:49:54.153719 2024] [mpm_event:notice] [pid 661757:tid 140111650989952] AH00489: Apache/2.4.59 (Unix) configured -- resuming normal operations
[Tue Nov 19 17:49:54.153784 2024] [mpm_event:info] [pid 661757:tid 140111650989952] AH00490: Server built: May 31 2024 08:01:46
[Tue Nov 19 17:49:54.153789 2024] [core:notice] [pid 661757:tid 140111650989952] AH00094: Command line: '/usr/alwaysdata/apache/2.4.59/bin/apache -f /home/arcadiazoo/admin/config/apache/apache.conf -D FOREGROUND'
[Tue Nov 19 17:49:54.397252 2024] [autoindex:error] [pid 661759:tid 140111563978432] [client 2a01:cb04:392:5900:e41c:f8a9:5243:6214:0] AH01276: Cannot serve directory /home/arcadiazoo/www/: No matching DirectoryIndex (index.php,index.html) found, and server-generated directory index forbidden by Options directive
[Tue Nov 19 17:49:56.805736 2024] [autoindex:error] [pid 661759:tid 140111538800320] [client 2a01:cb04:392:5900:e41c:f8a9:5243:6214:0] AH01276: Cannot serve directory /home/arcadiazoo/www/: No matching DirectoryIndex (index.php,index.html) found, and server-generated directory index forbidden by Options directive
[Tue Nov 19 17:50:06.962475 2024] [mpm_event:notice] [pid 661757:tid 140111650989952] AH00493: SIGUSR1 received.  Doing graceful restart
[Tue Nov 19 17:50:07.013300 2024] [mpm_event:notice] [pid 661757:tid 140111650989952] AH00489: Apache/2.4.59 (Unix) mod_fcgid/2.3.9 configured -- resuming normal operations
[Tue Nov 19 17:50:07.013317 2024] [mpm_event:info] [pid 661757:tid 140111650989952] AH00490: Server built: May 31 2024 08:01:46
[Tue Nov 19 17:50:07.013320 2024] [core:notice] [pid 661757:tid 140111650989952] AH00094: Command line: '/usr/alwaysdata/apache/2.4.59/bin/apache -f /home/arcadiazoo/admin/config/apache/apache.conf -D FOREGROUND'
[Tue Nov 19 17:50:08.014166 2024] [core:notice] [pid 661757:tid 140111650989952] AH00052: child pid 662357 exit signal Segmentation fault (11)
[Tue Nov 19 17:50:09.015635 2024] [core:notice] [pid 661757:tid 140111650989952] AH00052: child pid 662406 exit signal Segmentation fault (11)
[Tue Nov 19 17:50:10.017046 2024] [core:notice] [pid 661757:tid 140111650989952] AH00052: child pid 662504 exit signal Segmentation fault (11)
[Tue Nov 19 17:50:11.017690 2024] [core:notice] [pid 661757:tid 140111650989952] AH00052: child pid 662531 exit signal Segmentation fault (11)
[Tue Nov 19 17:50:12.019101 2024] [core:notice] [pid 661757:tid 140111650989952] AH00052: child pid 662547 exit signal Segmentation fault (11)
[Tue Nov 19 17:50:13.020515 2024] [core:notice] [pid 661757:tid 140111650989952] AH00052: child pid 662566 exit signal Segmentation fault (11)
[Tue Nov 19 17:50:14.021940 2024] [core:notice] [pid 661757:tid 140111650989952] AH00052: child pid 662593 exit signal Segmentation fault (11)
[Tue Nov 19 17:50:15.023477 2024] [core:notice] [pid 661757:tid 140111650989952] AH00052: child pid 662616 exit signal Segmentation fault (11)
[Tue Nov 19 17:50:16.024942 2024] [core:notice] [pid 661757:tid 140111650989952] AH00052: child pid 662639 exit signal Segmentation fault (11)
[Tue Nov 19 17:50:17.026438 2024] [core:notice] [pid 661757:tid 140111650989952] AH00052: child pid 662663 exit signal Segmentation fault (11)
[Tue Nov 19 17:50:18.027674 2024] [core:notice] [pid 661757:tid 140111650989952] AH00052: child pid 662686 exit signal Segmentation fault (11)
[Tue Nov 19 17:50:19.029175 2024] [core:notice] [pid 661757:tid 140111650989952] AH00052: child pid 662706 exit signal Segmentation fault (11)
[Tue Nov 19 17:50:20.030588 2024] [core:notice] [pid 661757:tid 140111650989952] AH00052: child pid 662752 exit signal Segmentation fault (11)
[Tue Nov 19 17:50:21.032001 2024] [core:notice] [pid 661757:tid 140111650989952] AH00052: child pid 662769 exit signal Segmentation fault (11)
[Tue Nov 19 17:50:22.033577 2024] [core:notice] [pid 661757:tid 140111650989952] AH00052: child pid 662785 exit signal Segmentation fault (11)
[Tue Nov 19 17:50:23.035036 2024] [core:notice] [pid 661757:tid 140111650989952] AH00052: child pid 662804 exit signal Segmentation fault (11)
[Tue Nov 19 17:50:24.036545 2024] [core:notice] [pid 661757:tid 140111650989952] AH00052: child pid 662829 exit signal Segmentation fault (11)
[Tue Nov 19 17:50:25.037647 2024] [core:notice] [pid 661757:tid 140111650989952] AH00052: child pid 662867 exit signal Segmentation fault (11)
[Tue Nov 19 17:50:26.039052 2024] [core:notice] [pid 661757:tid 140111650989952] AH00052: child pid 662878 exit signal Segmentation fault (11)
[Tue Nov 19 17:50:27.040632 2024] [core:notice] [pid 661757:tid 140111650989952] AH00052: child pid 662897 exit signal Segmentation fault (11)
[Tue Nov 19 17:50:28.042137 2024] [core:notice] [pid 661757:tid 140111650989952] AH00052: child pid 662927 exit signal Segmentation fault (11)
[Tue Nov 19 17:50:29.043736 2024] [core:notice] [pid 661757:tid 140111650989952] AH00052: child pid 662954 exit signal Segmentation fault (11)
[Tue Nov 19 17:50:30.045155 2024] [core:notice] [pid 661757:tid 140111650989952] AH00052: child pid 663018 exit signal Segmentation fault (11)
[Tue Nov 19 17:50:31.046684 2024] [core:notice] [pid 661757:tid 140111650989952] AH00052: child pid 663040 exit signal Segmentation fault (11)
[Tue Nov 19 17:50:31.093438 2024] [mpm_event:notice] [pid 661757:tid 140111650989952] AH00493: SIGUSR1 received.  Doing graceful restart
[Tue Nov 19 17:50:31.144833 2024] [mpm_event:notice] [pid 661757:tid 140111650989952] AH00489: Apache/2.4.59 (Unix) mod_fcgid/2.3.9 configured -- resuming normal operations
[Tue Nov 19 17:50:31.144844 2024] [mpm_event:info] [pid 661757:tid 140111650989952] AH00490: Server built: May 31 2024 08:01:46
[Tue Nov 19 17:50:31.144848 2024] [core:notice] [pid 661757:tid 140111650989952] AH00094: Command line: '/usr/alwaysdata/apache/2.4.59/bin/apache -f /home/arcadiazoo/admin/config/apache/apache.conf -D FOREGROUND'
[Tue Nov 19 17:50:31.144854 2024] [core:notice] [pid 661757:tid 140111650989952] AH00052: child pid 663063 exit signal Segmentation fault (11)
[Tue Nov 19 17:50:31.144876 2024] [fcgid:info] [pid 663077:tid 140111650989952] mod_fcgid: Process manager 663077 started
[Tue Nov 19 17:50:31.151030 2024] [autoindex:error] [pid 663078:tid 140111563978432] [client 2a01:cb04:392:5900:e41c:f8a9:5243:6214:0] AH01276: Cannot serve directory /home/arcadiazoo/www/: No matching DirectoryIndex (index.php,index.html) found, and server-generated directory index forbidden by Options directive
[Tue Nov 19 17:50:31.151042 2024] [autoindex:error] [pid 663078:tid 140111547193024] [client 2a01:cb04:392:5900:e41c:f8a9:5243:6214:0] AH01276: Cannot serve directory /home/arcadiazoo/www/: No matching DirectoryIndex (index.php,index.html) found, and server-generated directory index forbidden by Options directive
[Tue Nov 19 17:50:31.151131 2024] [autoindex:error] [pid 663078:tid 140111555585728] [client 2a01:cb04:392:5900:e41c:f8a9:5243:6214:0] AH01276: Cannot serve directory /home/arcadiazoo/www/: No matching DirectoryIndex (index.php,index.html) found, and server-generated directory index forbidden by Options directive
[Tue Nov 19 17:50:31.253116 2024] [core:info] [pid 663078:tid 140111513622208] [client 2a01:cb04:392:5900:e41c:f8a9:5243:6214:0] AH00128: File does not exist: /home/arcadiazoo/www/favicon.ico, referer: http://arcadiazoo.alwaysdata.net/
[Tue Nov 19 17:50:47.398897 2024] [mpm_event:notice] [pid 661757:tid 140111650989952] AH00493: SIGUSR1 received.  Doing graceful restart
[Tue Nov 19 17:50:47.418895 2024] [fcgid:info] [pid 663077:tid 140111650989952] mod_fcgid: Process manager 663077 stopped
[Tue Nov 19 17:50:47.450219 2024] [mpm_event:notice] [pid 661757:tid 140111650989952] AH00489: Apache/2.4.59 (Unix) configured -- resuming normal operations
[Tue Nov 19 17:50:47.450230 2024] [mpm_event:info] [pid 661757:tid 140111650989952] AH00490: Server built: May 31 2024 08:01:46
[Tue Nov 19 17:50:47.450233 2024] [core:notice] [pid 661757:tid 140111650989952] AH00094: Command line: '/usr/alwaysdata/apache/2.4.59/bin/apache -f /home/arcadiazoo/admin/config/apache/apache.conf -D FOREGROUND'
[Tue Nov 19 17:50:47.750704 2024] [autoindex:error] [pid 663968:tid 140111555585728] [client 2a01:cb04:392:5900:e41c:f8a9:5243:6214:0] AH01276: Cannot serve directory /home/arcadiazoo/www/: No matching DirectoryIndex (index.php,index.html) found, and server-generated directory index forbidden by Options directive
[Tue Nov 19 17:50:47.784332 2024] [core:info] [pid 663968:tid 140111547193024] [client 2a01:cb04:392:5900:e41c:f8a9:5243:6214:0] AH00128: File does not exist: /home/arcadiazoo/www/favicon.ico, referer: http://arcadiazoo.alwaysdata.net/
[Tue Nov 19 17:57:32.824452 2024] [autoindex:error] [pid 663968:tid 140111530407616] [client 2a01:cb04:392:5900:e41c:f8a9:5243:6214:0] AH01276: Cannot serve directory /home/arcadiazoo/www/: No matching DirectoryIndex (index.php,index.html) found, and server-generated directory index forbidden by Options directive
[Tue Nov 19 17:57:32.869686 2024] [core:info] [pid 663968:tid 140111429760704] [client 2a01:cb04:392:5900:e41c:f8a9:5243:6214:0] AH00128: File does not exist: /home/arcadiazoo/www/favicon.ico, referer: http://arcadiazoo.alwaysdata.net/
[Tue Nov 19 17:57:34.208110 2024] [autoindex:error] [pid 663968:tid 140111412975296] [client 2a01:cb04:392:5900:e41c:f8a9:5243:6214:0] AH01276: Cannot serve directory /home/arcadiazoo/www/: No matching DirectoryIndex (index.php,index.html) found, and server-generated directory index forbidden by Options directive
[Tue Nov 19 17:57:34.223985 2024] [core:info] [pid 663968:tid 140111513622208] [client 2a01:cb04:392:5900:e41c:f8a9:5243:6214:0] AH00128: File does not exist: /home/arcadiazoo/www/favicon.ico, referer: http://arcadiazoo.alwaysdata.net/
[Tue Nov 19 17:57:34.695523 2024] [autoindex:error] [pid 663968:tid 140111387797184] [client 2a01:cb04:392:5900:e41c:f8a9:5243:6214:0] AH01276: Cannot serve directory /home/arcadiazoo/www/: No matching DirectoryIndex (index.php,index.html) found, and server-generated directory index forbidden by Options directive
[Tue Nov 19 17:57:34.712312 2024] [core:info] [pid 663968:tid 140110892889792] [client 2a01:cb04:392:5900:e41c:f8a9:5243:6214:0] AH00128: File does not exist: /home/arcadiazoo/www/favicon.ico, referer: http://arcadiazoo.alwaysdata.net/
[Tue Nov 19 17:57:34.872463 2024] [autoindex:error] [pid 663968:tid 140110876104384] [client 2a01:cb04:392:5900:e41c:f8a9:5243:6214:0] AH01276: Cannot serve directory /home/arcadiazoo/www/: No matching DirectoryIndex (index.php,index.html) found, and server-generated directory index forbidden by Options directive
[Tue Nov 19 17:57:34.889018 2024] [core:info] [pid 663968:tid 140110859318976] [client 2a01:cb04:392:5900:e41c:f8a9:5243:6214:0] AH00128: File does not exist: /home/arcadiazoo/www/favicon.ico, referer: http://arcadiazoo.alwaysdata.net/
[Tue Nov 19 17:58:35.094952 2024] [autoindex:error] [pid 663968:tid 140110842533568] [client 2a01:cb04:392:5900:e41c:f8a9:5243:6214:0] AH01276: Cannot serve directory /home/arcadiazoo/www/: No matching DirectoryIndex (index.php,index.html) found, and server-generated directory index forbidden by Options directive
[Tue Nov 19 17:58:35.143831 2024] [core:info] [pid 663968:tid 140110079190720] [client 2a01:cb04:392:5900:e41c:f8a9:5243:6214:0] AH00128: File does not exist: /home/arcadiazoo/www/favicon.ico, referer: http://arcadiazoo.alwaysdata.net/
[Tue Nov 19 17:58:37.819439 2024] [autoindex:error] [pid 663968:tid 140110062405312] [client 2a01:cb04:392:5900:e41c:f8a9:5243:6214:0] AH01276: Cannot serve directory /home/arcadiazoo/www/: No matching DirectoryIndex (index.php,index.html) found, and server-generated directory index forbidden by Options directive
[Tue Nov 19 17:58:37.837312 2024] [core:info] [pid 663968:tid 140110045619904] [client 2a01:cb04:392:5900:e41c:f8a9:5243:6214:0] AH00128: File does not exist: /home/arcadiazoo/www/favicon.ico, referer: http://arcadiazoo.alwaysdata.net/
[Tue Nov 19 17:58:38.480241 2024] [autoindex:error] [pid 663968:tid 140109483603648] [client 2a01:cb04:392:5900:e41c:f8a9:5243:6214:0] AH01276: Cannot serve directory /home/arcadiazoo/www/: No matching DirectoryIndex (index.php,index.html) found, and server-generated directory index forbidden by Options directive
[Tue Nov 19 17:58:38.496576 2024] [core:info] [pid 663968:tid 140109466818240] [client 2a01:cb04:392:5900:e41c:f8a9:5243:6214:0] AH00128: File does not exist: /home/arcadiazoo/www/favicon.ico, referer: http://arcadiazoo.alwaysdata.net/
[Tue Nov 19 17:58:38.685804 2024] [autoindex:error] [pid 663968:tid 140109450032832] [client 2a01:cb04:392:5900:e41c:f8a9:5243:6214:0] AH01276: Cannot serve directory /home/arcadiazoo/www/: No matching DirectoryIndex (index.php,index.html) found, and server-generated directory index forbidden by Options directive
[Tue Nov 19 17:58:38.702606 2024] [core:info] [pid 663968:tid 140109433247424] [client 2a01:cb04:392:5900:e41c:f8a9:5243:6214:0] AH00128: File does not exist: /home/arcadiazoo/www/favicon.ico, referer: http://arcadiazoo.alwaysdata.net/
[Tue Nov 19 17:58:38.856311 2024] [autoindex:error] [pid 663968:tid 140108938340032] [client 2a01:cb04:392:5900:e41c:f8a9:5243:6214:0] AH01276: Cannot serve directory /home/arcadiazoo/www/: No matching DirectoryIndex (index.php,index.html) found, and server-generated directory index forbidden by Options directive
[Tue Nov 19 17:58:38.873503 2024] [core:info] [pid 663968:tid 140108921554624] [client 2a01:cb04:392:5900:e41c:f8a9:5243:6214:0] AH00128: File does not exist: /home/arcadiazoo/www/favicon.ico, referer: http://arcadiazoo.alwaysdata.net/
[Tue Nov 19 17:58:39.042755 2024] [autoindex:error] [pid 663968:tid 140108904769216] [client 2a01:cb04:392:5900:e41c:f8a9:5243:6214:0] AH01276: Cannot serve directory /home/arcadiazoo/www/: No matching DirectoryIndex (index.php,index.html) found, and server-generated directory index forbidden by Options directive
[Tue Nov 19 17:58:39.060466 2024] [core:info] [pid 663968:tid 140108409861824] [client 2a01:cb04:392:5900:e41c:f8a9:5243:6214:0] AH00128: File does not exist: /home/arcadiazoo/www/favicon.ico, referer: http://arcadiazoo.alwaysdata.net/
[Tue Nov 19 17:58:39.188494 2024] [autoindex:error] [pid 663968:tid 140108393076416] [client 2a01:cb04:392:5900:e41c:f8a9:5243:6214:0] AH01276: Cannot serve directory /home/arcadiazoo/www/: No matching DirectoryIndex (index.php,index.html) found, and server-generated directory index forbidden by Options directive
[Tue Nov 19 17:58:39.205594 2024] [core:info] [pid 663968:tid 140108376291008] [client 2a01:cb04:392:5900:e41c:f8a9:5243:6214:0] AH00128: File does not exist: /home/arcadiazoo/www/favicon.ico, referer: http://arcadiazoo.alwaysdata.net/
[Tue Nov 19 17:58:39.349686 2024] [autoindex:error] [pid 663968:tid 140108359505600] [client 2a01:cb04:392:5900:e41c:f8a9:5243:6214:0] AH01276: Cannot serve directory /home/arcadiazoo/www/: No matching DirectoryIndex (index.php,index.html) found, and server-generated directory index forbidden by Options directive
[Tue Nov 19 17:58:39.366473 2024] [core:info] [pid 663968:tid 140107864598208] [client 2a01:cb04:392:5900:e41c:f8a9:5243:6214:0] AH00128: File does not exist: /home/arcadiazoo/www/favicon.ico, referer: http://arcadiazoo.alwaysdata.net/
[Tue Nov 19 17:58:39.520807 2024] [autoindex:error] [pid 663968:tid 140107847812800] [client 2a01:cb04:392:5900:e41c:f8a9:5243:6214:0] AH01276: Cannot serve directory /home/arcadiazoo/www/: No matching DirectoryIndex (index.php,index.html) found, and server-generated directory index forbidden by Options directive
[Tue Nov 19 17:58:39.538997 2024] [core:info] [pid 663968:tid 140107831027392] [client 2a01:cb04:392:5900:e41c:f8a9:5243:6214:0] AH00128: File does not exist: /home/arcadiazoo/www/favicon.ico, referer: http://arcadiazoo.alwaysdata.net/
[Tue Nov 19 17:58:39.686667 2024] [autoindex:error] [pid 663968:tid 140107336120000] [client 2a01:cb04:392:5900:e41c:f8a9:5243:6214:0] AH01276: Cannot serve directory /home/arcadiazoo/www/: No matching DirectoryIndex (index.php,index.html) found, and server-generated directory index forbidden by Options directive
[Tue Nov 19 17:58:39.703844 2024] [core:info] [pid 663968:tid 140107319334592] [client 2a01:cb04:392:5900:e41c:f8a9:5243:6214:0] AH00128: File does not exist: /home/arcadiazoo/www/favicon.ico, referer: http://arcadiazoo.alwaysdata.net/
[Tue Nov 19 17:58:39.863567 2024] [autoindex:error] [pid 663968:tid 140107302549184] [client 2a01:cb04:392:5900:e41c:f8a9:5243:6214:0] AH01276: Cannot serve directory /home/arcadiazoo/www/: No matching DirectoryIndex (index.php,index.html) found, and server-generated directory index forbidden by Options directive
[Tue Nov 19 17:58:39.879614 2024] [core:info] [pid 663968:tid 140107285763776] [client 2a01:cb04:392:5900:e41c:f8a9:5243:6214:0] AH00128: File does not exist: /home/arcadiazoo/www/favicon.ico, referer: http://arcadiazoo.alwaysdata.net/
[Tue Nov 19 17:58:40.041659 2024] [autoindex:error] [pid 663968:tid 140106790856384] [client 2a01:cb04:392:5900:e41c:f8a9:5243:6214:0] AH01276: Cannot serve directory /home/arcadiazoo/www/: No matching DirectoryIndex (index.php,index.html) found, and server-generated directory index forbidden by Options directive
[Tue Nov 19 17:58:40.057826 2024] [core:info] [pid 663968:tid 140106774070976] [client 2a01:cb04:392:5900:e41c:f8a9:5243:6214:0] AH00128: File does not exist: /home/arcadiazoo/www/favicon.ico, referer: http://arcadiazoo.alwaysdata.net/
[Tue Nov 19 17:58:40.217320 2024] [autoindex:error] [pid 663968:tid 140106757285568] [client 2a01:cb04:392:5900:e41c:f8a9:5243:6214:0] AH01276: Cannot serve directory /home/arcadiazoo/www/: No matching DirectoryIndex (index.php,index.html) found, and server-generated directory index forbidden by Options directive
[Tue Nov 19 17:58:40.234657 2024] [core:info] [pid 663968:tid 140106262378176] [client 2a01:cb04:392:5900:e41c:f8a9:5243:6214:0] AH00128: File does not exist: /home/arcadiazoo/www/favicon.ico, referer: http://arcadiazoo.alwaysdata.net/
[Tue Nov 19 17:58:40.376643 2024] [autoindex:error] [pid 663968:tid 140106245592768] [client 2a01:cb04:392:5900:e41c:f8a9:5243:6214:0] AH01276: Cannot serve directory /home/arcadiazoo/www/: No matching DirectoryIndex (index.php,index.html) found, and server-generated directory index forbidden by Options directive
[Tue Nov 19 17:58:40.394232 2024] [core:info] [pid 663968:tid 140106228807360] [client 2a01:cb04:392:5900:e41c:f8a9:5243:6214:0] AH00128: File does not exist: /home/arcadiazoo/www/favicon.ico, referer: http://arcadiazoo.alwaysdata.net/
[Tue Nov 19 18:02:38.028615 2024] [autoindex:error] [pid 663968:tid 140106212021952] [client 2a01:cb04:392:5900:e41c:f8a9:5243:6214:0] AH01276: Cannot serve directory /home/arcadiazoo/www/: No matching DirectoryIndex (index.php,index.html) found, and server-generated directory index forbidden by Options directive
[Tue Nov 19 18:02:38.065052 2024] [core:info] [pid 663968:tid 140105717114560] [client 2a01:cb04:392:5900:e41c:f8a9:5243:6214:0] AH00128: File does not exist: /home/arcadiazoo/www/favicon.ico, referer: http://arcadiazoo.alwaysdata.net/
[Tue Nov 19 18:02:38.561563 2024] [autoindex:error] [pid 663968:tid 140105700329152] [client 2a01:cb04:392:5900:e41c:f8a9:5243:6214:0] AH01276: Cannot serve directory /home/arcadiazoo/www/: No matching DirectoryIndex (index.php,index.html) found, and server-generated directory index forbidden by Options directive
[Tue Nov 19 18:02:38.577835 2024] [core:info] [pid 663968:tid 140105683543744] [client 2a01:cb04:392:5900:e41c:f8a9:5243:6214:0] AH00128: File does not exist: /home/arcadiazoo/www/favicon.ico, referer: http://arcadiazoo.alwaysdata.net/
[Tue Nov 19 18:02:38.747575 2024] [autoindex:error] [pid 663968:tid 140105188636352] [client 2a01:cb04:392:5900:e41c:f8a9:5243:6214:0] AH01276: Cannot serve directory /home/arcadiazoo/www/: No matching DirectoryIndex (index.php,index.html) found, and server-generated directory index forbidden by Options directive
[Tue Nov 19 18:02:38.764611 2024] [core:info] [pid 663968:tid 140105171850944] [client 2a01:cb04:392:5900:e41c:f8a9:5243:6214:0] AH00128: File does not exist: /home/arcadiazoo/www/favicon.ico, referer: http://arcadiazoo.alwaysdata.net/
[Tue Nov 19 18:02:38.938190 2024] [autoindex:error] [pid 663968:tid 140105155065536] [client 2a01:cb04:392:5900:e41c:f8a9:5243:6214:0] AH01276: Cannot serve directory /home/arcadiazoo/www/: No matching DirectoryIndex (index.php,index.html) found, and server-generated directory index forbidden by Options directive
[Tue Nov 19 18:02:38.955288 2024] [core:info] [pid 663968:tid 140105138280128] [client 2a01:cb04:392:5900:e41c:f8a9:5243:6214:0] AH00128: File does not exist: /home/arcadiazoo/www/favicon.ico, referer: http://arcadiazoo.alwaysdata.net/
[Tue Nov 19 18:02:39.124152 2024] [autoindex:error] [pid 663968:tid 140104643372736] [client 2a01:cb04:392:5900:e41c:f8a9:5243:6214:0] AH01276: Cannot serve directory /home/arcadiazoo/www/: No matching DirectoryIndex (index.php,index.html) found, and server-generated directory index forbidden by Options directive
[Tue Nov 19 18:02:39.141116 2024] [core:info] [pid 663968:tid 140104626587328] [client 2a01:cb04:392:5900:e41c:f8a9:5243:6214:0] AH00128: File does not exist: /home/arcadiazoo/www/favicon.ico, referer: http://arcadiazoo.alwaysdata.net/
[Tue Nov 19 18:02:53.355664 2024] [autoindex:error] [pid 663968:tid 140104609801920] [client 2a01:cb04:392:5900:e41c:f8a9:5243:6214:0] AH01276: Cannot serve directory /home/arcadiazoo/www/: No matching DirectoryIndex (index.php,index.html) found, and server-generated directory index forbidden by Options directive
[Tue Nov 19 18:02:53.401721 2024] [core:info] [pid 663968:tid 140104114894528] [client 2a01:cb04:392:5900:e41c:f8a9:5243:6214:0] AH00128: File does not exist: /home/arcadiazoo/www/favicon.ico, referer: http://arcadiazoo.alwaysdata.net/
[Tue Nov 19 18:05:36.316476 2024] [autoindex:error] [pid 663968:tid 140104098109120] [client 2a01:cb04:392:5900:e41c:f8a9:5243:6214:0] AH01276: Cannot serve directory /home/arcadiazoo/www/: No matching DirectoryIndex (index.php,index.html) found, and server-generated directory index forbidden by Options directive
[Tue Nov 19 18:05:36.341039 2024] [core:info] [pid 663968:tid 140104081323712] [client 2a01:cb04:392:5900:e41c:f8a9:5243:6214:0] AH00128: File does not exist: /home/arcadiazoo/www/favicon.ico, referer: http://arcadiazoo.alwaysdata.net/
[Tue Nov 19 18:05:36.798609 2024] [autoindex:error] [pid 663968:tid 140104064538304] [client 2a01:cb04:392:5900:e41c:f8a9:5243:6214:0] AH01276: Cannot serve directory /home/arcadiazoo/www/: No matching DirectoryIndex (index.php,index.html) found, and server-generated directory index forbidden by Options directive
[Tue Nov 19 18:05:36.815420 2024] [core:info] [pid 663968:tid 140103569630912] [client 2a01:cb04:392:5900:e41c:f8a9:5243:6214:0] AH00128: File does not exist: /home/arcadiazoo/www/favicon.ico, referer: http://arcadiazoo.alwaysdata.net/
[Tue Nov 19 18:05:36.981986 2024] [autoindex:error] [pid 663968:tid 140103552845504] [client 2a01:cb04:392:5900:e41c:f8a9:5243:6214:0] AH01276: Cannot serve directory /home/arcadiazoo/www/: No matching DirectoryIndex (index.php,index.html) found, and server-generated directory index forbidden by Options directive
[Tue Nov 19 18:05:36.998162 2024] [core:info] [pid 663968:tid 140103536060096] [client 2a01:cb04:392:5900:e41c:f8a9:5243:6214:0] AH00128: File does not exist: /home/arcadiazoo/www/favicon.ico, referer: http://arcadiazoo.alwaysdata.net/
[Tue Nov 19 18:05:39.613849 2024] [autoindex:error] [pid 663968:tid 140103041152704] [client 2a01:cb04:392:5900:e41c:f8a9:5243:6214:0] AH01276: Cannot serve directory /home/arcadiazoo/www/: No matching DirectoryIndex (index.php,index.html) found, and server-generated directory index forbidden by Options directive
[Tue Nov 19 18:05:39.650513 2024] [core:info] [pid 663968:tid 140103024367296] [client 2a01:cb04:392:5900:e41c:f8a9:5243:6214:0] AH00128: File does not exist: /home/arcadiazoo/www/favicon.ico, referer: http://arcadiazoo.alwaysdata.net/
[Tue Nov 19 18:35:45.001495 2024] [mpm_event:notice] [pid 661757:tid 140111650989952] AH00491: caught SIGTERM, shutting down
[Wed Nov 20 05:39:18.196973 2024] [mpm_event:notice] [pid 1973175:tid 140382514689920] AH00489: Apache/2.4.59 (Unix) configured -- resuming normal operations
[Wed Nov 20 05:39:18.197223 2024] [mpm_event:info] [pid 1973175:tid 140382514689920] AH00490: Server built: May 31 2024 08:01:46
[Wed Nov 20 05:39:18.197229 2024] [core:notice] [pid 1973175:tid 140382514689920] AH00094: Command line: '/usr/alwaysdata/apache/2.4.59/bin/apache -f /home/arcadiazoo/admin/config/apache/apache.conf -D FOREGROUND'
[Wed Nov 20 05:39:18.440641 2024] [core:info] [pid 1973177:tid 140382499788480] [client 2a01:cb04:392:5900:4d11:f2f8:f5dc:f0c7:0] AH00128: File does not exist: /home/arcadiazoo/www/favicon.ico, referer: http://arcadiazoo.alwaysdata.net/
[Wed Nov 20 05:41:53.541297 2024] [autoindex:error] [pid 1973177:tid 140382406960832] [client 2a01:cb04:392:5900:4d11:f2f8:f5dc:f0c7:0] AH01276: Cannot serve directory /home/arcadiazoo/www/: No matching DirectoryIndex (index.php,index.html) found, and server-generated directory index forbidden by Options directive
[Wed Nov 20 05:41:53.583578 2024] [core:info] [pid 1973177:tid 140382415353536] [client 2a01:cb04:392:5900:4d11:f2f8:f5dc:f0c7:0] AH00128: File does not exist: /home/arcadiazoo/www/favicon.ico, referer: http://arcadiazoo.alwaysdata.net/
[Wed Nov 20 05:48:04.602344 2024] [autoindex:error] [pid 1973177:tid 140382381782720] [client 2a01:cb04:392:5900:4d11:f2f8:f5dc:f0c7:0] AH01276: Cannot serve directory /home/arcadiazoo/www/: No matching DirectoryIndex (index.php,index.html) found, and server-generated directory index forbidden by Options directive
[Wed Nov 20 05:48:04.649881 2024] [core:info] [pid 1973177:tid 140382364997312] [client 2a01:cb04:392:5900:4d11:f2f8:f5dc:f0c7:0] AH00128: File does not exist: /home/arcadiazoo/www/favicon.ico, referer: http://arcadiazoo.alwaysdata.net/
[Wed Nov 20 05:50:59.860844 2024] [autoindex:error] [pid 1973177:tid 140381937198784] [client 2a01:cb04:392:5900:4d11:f2f8:f5dc:f0c7:0] AH01276: Cannot serve directory /home/arcadiazoo/www/: No matching DirectoryIndex (index.php,index.html) found, and server-generated directory index forbidden by Options directive
[Wed Nov 20 05:50:59.894165 2024] [core:info] [pid 1973177:tid 140381920413376] [client 2a01:cb04:392:5900:4d11:f2f8:f5dc:f0c7:0] AH00128: File does not exist: /home/arcadiazoo/www/favicon.ico, referer: http://arcadiazoo.alwaysdata.net/
[Wed Nov 20 05:52:01.661428 2024] [core:info] [pid 1973177:tid 140381341611712] [client 2a01:cb04:392:5900:4d11:f2f8:f5dc:f0c7:0] AH00128: File does not exist: /home/arcadiazoo/www/css/main.css, referer: http://arcadiazoo.alwaysdata.net/
[Wed Nov 20 05:53:02.778510 2024] [core:info] [pid 1973177:tid 140380150404800] [client 2a01:cb04:392:5900:4d11:f2f8:f5dc:f0c7:0] AH00128: File does not exist: /home/arcadiazoo/www/css/main.css, referer: http://arcadiazoo.alwaysdata.net/
[Wed Nov 20 05:53:42.757162 2024] [core:info] [pid 1973177:tid 140379638712000] [client 2a01:cb04:392:5900:4d11:f2f8:f5dc:f0c7:0] AH00128: File does not exist: /home/arcadiazoo/www/css/main.css, referer: http://arcadiazoo.alwaysdata.net/
[Wed Nov 20 05:53:50.480751 2024] [core:info] [pid 1973177:tid 140379621926592] [client 2a01:cb04:392:5900:4d11:f2f8:f5dc:f0c7:0] AH00128: File does not exist: /home/arcadiazoo/www/css/main.css, referer: http://arcadiazoo.alwaysdata.net/
[Wed Nov 20 05:55:39.493409 2024] [core:info] [pid 1973177:tid 140379127019200] [client 2a01:cb04:392:5900:4d11:f2f8:f5dc:f0c7:0] AH00128: File does not exist: /home/arcadiazoo/www/pages/Index.html, referer: http://arcadiazoo.alwaysdata.net/
[Wed Nov 20 05:55:39.543359 2024] [core:info] [pid 1973177:tid 140379110233792] [client 2a01:cb04:392:5900:4d11:f2f8:f5dc:f0c7:0] AH00128: File does not exist: /home/arcadiazoo/www/favicon.ico, referer: http://arcadiazoo.alwaysdata.net/
[Wed Nov 20 05:55:49.420539 2024] [core:info] [pid 1973177:tid 140379093448384] [client 2a01:cb04:392:5900:4d11:f2f8:f5dc:f0c7:0] AH00128: File does not exist: /home/arcadiazoo/www/animaux.html, referer: http://arcadiazoo.alwaysdata.net/
[Wed Nov 20 05:55:49.440838 2024] [core:info] [pid 1973177:tid 140379076662976] [client 2a01:cb04:392:5900:4d11:f2f8:f5dc:f0c7:0] AH00128: File does not exist: /home/arcadiazoo/www/favicon.ico, referer: http://arcadiazoo.alwaysdata.net/
[Wed Nov 20 05:56:16.479783 2024] [core:info] [pid 1973177:tid 140378564970176] [client 2a01:cb04:392:5900:4d11:f2f8:f5dc:f0c7:0] AH00128: File does not exist: /home/arcadiazoo/www/css/main.css, referer: http://arcadiazoo.alwaysdata.net/
[Wed Nov 20 05:56:23.246566 2024] [core:info] [pid 1973177:tid 140378053277376] [client 2a01:cb04:392:5900:4d11:f2f8:f5dc:f0c7:0] AH00128: File does not exist: /home/arcadiazoo/www/css/main.css, referer: http://arcadiazoo.alwaysdata.net/connexion.html
[Wed Nov 20 05:56:36.462168 2024] [core:info] [pid 1973177:tid 140378002921152] [client 2a01:cb04:392:5900:4d11:f2f8:f5dc:f0c7:0] AH00128: File does not exist: /home/arcadiazoo/www/css/main.css, referer: http://arcadiazoo.alwaysdata.net/animaux.html
[Wed Nov 20 05:56:36.470228 2024] [core:info] [pid 1973177:tid 140376971142848] [client 2a01:cb04:392:5900:4d11:f2f8:f5dc:f0c7:0] AH00128: File does not exist: /home/arcadiazoo/www/docs/images/background.jpg, referer: http://arcadiazoo.alwaysdata.net/animaux.html
[Wed Nov 20 05:57:49.113631 2024] [core:info] [pid 1973177:tid 140375905793728] [client 2a01:cb04:392:5900:4d11:f2f8:f5dc:f0c7:0] AH00128: File does not exist: /home/arcadiazoo/www/css/main.css, referer: http://arcadiazoo.alwaysdata.net/savane.html
[Wed Nov 20 05:59:26.577355 2024] [core:info] [pid 1973177:tid 140375343744704] [client 2a01:cb04:392:5900:4d11:f2f8:f5dc:f0c7:0] AH00128: File does not exist: /home/arcadiazoo/www/css/main.css, referer: http://arcadiazoo.alwaysdata.net/
[Wed Nov 20 05:59:30.557563 2024] [core:info] [pid 1973177:tid 140374832051904] [client 2a01:cb04:392:5900:4d11:f2f8:f5dc:f0c7:0] AH00128: File does not exist: /home/arcadiazoo/www/css/main.css, referer: http://arcadiazoo.alwaysdata.net/animaux.html
[Wed Nov 20 05:59:30.569248 2024] [core:info] [pid 1973177:tid 140374815266496] [client 2a01:cb04:392:5900:4d11:f2f8:f5dc:f0c7:0] AH00128: File does not exist: /home/arcadiazoo/www/docs/images/background.jpg, referer: http://arcadiazoo.alwaysdata.net/animaux.html
